<?xml version="1.0" encoding="UTF-8"?>
<testsuite name="SolutionTest" tests="4" skipped="0" failures="0" errors="0" timestamp="2022-07-01T10:36:51" hostname="yuanyu-ubuntu" time="0.038">
  <properties/>
  <testcase name="wordBreakExample1()" classname="SolutionTest" time="0.032"/>
  <testcase name="wordBreakExample2()" classname="SolutionTest" time="0.001"/>
  <testcase name="wordBreakExample3()" classname="SolutionTest" time="0.002"/>
  <testcase name="wordBreakExample4()" classname="SolutionTest" time="0.001"/>
  <system-out><![CDATA[]]></system-out>
  <system-err><![CDATA[]]></system-err>
</testsuite>
