<?xml version="1.0" encoding="UTF-8"?>
<testsuite name="SolutionTest" tests="3" skipped="0" failures="0" errors="0" timestamp="2022-07-01T10:08:43" hostname="yuanyu-ubuntu" time="0.032">
  <properties/>
  <testcase name="wordBreakExample1()" classname="SolutionTest" time="0.028"/>
  <testcase name="wordBreakExample2()" classname="SolutionTest" time="0.001"/>
  <testcase name="wordBreakExample3()" classname="SolutionTest" time="0.001"/>
  <system-out><![CDATA[]]></system-out>
  <system-err><![CDATA[]]></system-err>
</testsuite>
